[PARAMETRES]
Chemin&NomFichier=C:\Program Files\FOGALE Nanotech\CNPEM_20_12_2012.TXT
NomFichier=CNPEM_20_12_2012.TXT
NomFichier_Seul=CNPEM.TXT
Chemin&NomFichier_Traitement=
NomFichier_Traitement=CNPEM.TXT
NomFichier_Traitement_Seul=CNPEM.TXT
Periode_Acq=9.6
Periode_Sauvegarde_Continu=60
Periode_Sauvegarde_Temporaire=40
Periode_Sauvegarde_Intervalle_Temporaire=2
SauvegardeEnCours=0
RedemarrageAuto=1
SauveParametres=0
TypeSauvegarde=1
SauvegardeCoupParCoup=0
Format_Fichier=0
Table_Access=
Base_Heure=0
Methode_traitement=1
Calcul_Elevation_Deviation=0
Calcul_Direct_Indirect=0
Timing_bases_String=
time_t_deb_ISS=1355998660
Type_Heure=0
[ETAT_IO_RACK]
Etat_Input_1=0
Etat_Output_1=0
Etat_Input_2=0
Etat_Output_2=0
Etat_Input_3=0
Etat_Output_3=0
Etat_Input_4=148
Etat_Output_4=40632
[TOPZERO_RESEAUX]
TopZeroDate=
TopZeroHeure=
TZ_1=(1;1;H7DC-032;1;0.;0.;)
TZ_2=(1;2;H7DC-033;1;0.;0.;)
TZ_3=(1;3;H7DC-034;1;0.;0.;)
TZ_4=(1;4;H7DC-035;1;0.;0.;)
TZ_5=(1;5;H7DC-036;1;0.;0.;)
TZ_6=(1;6;H7DC-037;1;0.;0.;)
TZ_7=(1;7;H7DC-038;1;0.;0.;)
TZ_8=(1;8;H7DC-039;1;0.;0.;)
TZ_9=(1;9;H7DC-040;1;0.;0.;)
TZ_10=(1;10;H7DC-041;1;0.;0.;)
TZ_11=(1;11;H7DC-042;1;0.;0.;)
TZ_12=(1;12;H7DC-043;1;0.;0.;)
TZ_13=(1;13;H7DC-044;1;0.;0.;)
TZ_14=(1;14;H7DC-045;1;0.;0.;)
TZ_15=(1;15;H7DC-046;1;0.;0.;)
TZ_16=(1;16;H7DC-047;1;0.;0.;)
TZ_17=(1;17;H7DC-048;1;0.;0.;)
TZ_18=(1;18;H7DC-049;1;0.;0.;)
TZ_19=(1;19;H7DC-050;1;0.;0.;)
TZ_20=(1;20;H7DC-051;1;0.;0.;)
TZ_21=(1;21;H7DC-052;1;0.;0.;)
TZ_22=(1;22;H7DC-053;1;0.;0.;)
TZ_23=(1;23;H7DC-054;1;0.;0.;)
TZ_24=(1;24;H7DC-055;1;0.;0.;)
TZ_25=(1;25;H7DC-056;1;0.;0.;)
TZ_26=(1;26;H7DC-057;1;0.;0.;)
TZ_27=(1;27;H7DC-058;1;0.;0.;)
TZ_28=(1;28;H7DC-059;1;0.;0.;)
TZ_29=(1;29;H7DC-060;1;0.;0.;)
TZ_30=(1;30;H7DC-061;1;0.;0.;)
Nbres_capteurs=30
[CAPTEURS_ACTIFS_RESEAUX]
CA_1=(1;1;H7DC-032;1;)
CA_2=(1;2;H7DC-033;1;)
CA_3=(1;3;H7DC-034;1;)
CA_4=(1;4;H7DC-035;1;)
CA_5=(1;5;H7DC-036;1;)
CA_6=(1;6;H7DC-037;1;)
CA_7=(1;7;H7DC-038;1;)
CA_8=(1;8;H7DC-039;1;)
CA_9=(1;9;H7DC-040;1;)
CA_10=(1;10;H7DC-041;1;)
CA_11=(1;11;H7DC-042;1;)
CA_12=(1;12;H7DC-043;1;)
CA_13=(1;13;H7DC-044;1;)
CA_14=(1;14;H7DC-045;1;)
CA_15=(1;15;H7DC-046;1;)
CA_16=(1;16;H7DC-047;1;)
CA_17=(1;17;H7DC-048;1;)
CA_18=(1;18;H7DC-049;1;)
CA_19=(1;19;H7DC-050;1;)
CA_20=(1;20;H7DC-051;1;)
CA_21=(1;21;H7DC-052;1;)
CA_22=(1;22;H7DC-053;1;)
CA_23=(1;23;H7DC-054;1;)
CA_24=(1;24;H7DC-055;1;)
CA_25=(1;25;H7DC-056;1;)
CA_26=(1;26;H7DC-057;1;)
CA_27=(1;27;H7DC-058;1;)
CA_28=(1;28;H7DC-059;1;)
CA_29=(1;29;H7DC-060;1;)
CA_30=(1;30;H7DC-061;1;)
Nbres_capteurs=30
[ACTIFS_RACKS]
AR_1=0
AR_2=0
AR_3=0
AR_4=0
